<?xml version="1.0" encoding="UTF-8"?>
<testng-results skipped="0" failed="0" ignored="0" total="2" passed="2">
  <reporter-output>
  </reporter-output>
  <suite name="Default suite" duration-ms="2140" started-at="2020-05-12T12:12:27 IST" finished-at="2020-05-12T12:12:30 IST">
    <groups>
    </groups>
    <test name="Default test" duration-ms="2140" started-at="2020-05-12T12:12:27 IST" finished-at="2020-05-12T12:12:30 IST">
      <class name="apiRequests.GetData">
        <test-method status="PASS" signature="givenGetData()[pri:0, instance:apiRequests.GetData@eec5a4a]" name="givenGetData" duration-ms="1834" started-at="2020-05-12T12:12:27 IST" finished-at="2020-05-12T12:12:29 IST">
          <reporter-output>
          </reporter-output>
        </test-method> <!-- givenGetData -->
        <test-method status="PASS" signature="sequence()[pri:0, instance:apiRequests.GetData@eec5a4a]" name="sequence" duration-ms="144" started-at="2020-05-12T12:12:29 IST" finished-at="2020-05-12T12:12:30 IST">
          <reporter-output>
          </reporter-output>
        </test-method> <!-- sequence -->
      </class> <!-- apiRequests.GetData -->
    </test> <!-- Default test -->
  </suite> <!-- Default suite -->
</testng-results>
